---------------28:07:2016---------------
[22:52:21]----new heigh level exception----
It is importent you find this error and get it fix!!!!
Status : not catch
In file: C:\xampp\htdocs\chat\inc\tempelate\type.php
In line: 9
Message: Convert error. could convert 'object' to array
Extra  : No extra data is given
--------------------------------
[22:52:47]----new heigh level exception----
It is importent you find this error and get it fix!!!!
Status : not catch
In file: C:\xampp\htdocs\chat\inc\tempelate\type.php
In line: 9
Message: Convert error. could convert 'object' to array
Extra  : inc\driver\authentication\auth_drivers\AuthDrivers
--------------------------------
[22:53:15]----new heigh level exception----
It is importent you find this error and get it fix!!!!
Status : not catch
In file: C:\xampp\htdocs\chat\inc\tempelate\type.php
In line: 9
Message: Convert error. could convert 'object' to array
Extra  : inc\driver\authentication\auth_drivers\AuthDrivers
--------------------------------
[22:54:09]----new heigh level exception----
It is importent you find this error and get it fix!!!!
Status : not catch
In file: C:\xampp\htdocs\chat\inc\tempelate\render.php
In line: 92
Message: Unknown token: punktum
Extra  : No extra data is given
--------------------------------
[22:55:46]----new heigh level exception----
It is importent you find this error and get it fix!!!!
Status : not catch
In file: C:\xampp\htdocs\chat\inc\tempelate\render.php
In line: 92
Message: Unknown token: punktum
Extra  : No extra data is given
--------------------------------
[22:56:14]----new heigh level exception----
It is importent you find this error and get it fix!!!!
Status : not catch
In file: C:\xampp\htdocs\chat\inc\tempelate\type.php
In line: 9
Message: Convert error. could convert 'object' to array
Extra  : inc\driver\authentication\auth_drivers\AuthDrivers
--------------------------------
[22:58:54]----new heigh level exception----
It is importent you find this error and get it fix!!!!
Status : not catch
In file: C:\xampp\htdocs\chat\inc\tempelate\type.php
In line: 9
Message: Convert error. could convert 'object' to array
Extra  : inc\driver\authentication\auth_drivers\AuthDrivers
--------------------------------
[23:03:37]----new heigh level exception----
It is importent you find this error and get it fix!!!!
Status : not catch
In file: C:\xampp\htdocs\chat\inc\tempelate\database.php
In line: 16
Message: Unknown key to array
Extra  : No extra data is given
--------------------------------
[23:04:09]----new heigh level exception----
It is importent you find this error and get it fix!!!!
Status : not catch
In file: C:\xampp\htdocs\chat\inc\tempelate\database.php
In line: 16
Message: Unknown key to array
Extra  : No extra data is given
--------------------------------
[23:04:24]----new heigh level exception----
It is importent you find this error and get it fix!!!!
Status : not catch
In file: C:\xampp\htdocs\chat\inc\tempelate\database.php
In line: 16
Message: Unknown key to array
Extra  : No extra data is given
--------------------------------
[23:04:44]----new heigh level exception----
It is importent you find this error and get it fix!!!!
Status : not catch
In file: C:\xampp\htdocs\chat\inc\tempelate\database.php
In line: 16
Message: Unknown key to array
Extra  : No extra data is given
--------------------------------
[23:12:12]----new heigh level exception----
It is importent you find this error and get it fix!!!!
Status : not catch
In file: C:\xampp\htdocs\chat\inc\tempelate\tempelate.php
In line: 47
Message: Unknown file: 
Extra  : auth_chose
--------------------------------
[23:54:58]----new heigh level exception----
It is importent you find this error and get it fix!!!!
Status : not catch
In file: C:\xampp\htdocs\chat\inc\tempelate\render.php
In line: 82
Message: Missing the include tempelate file
Extra  : inc/driver/authentication/cowchat/style/.inc
--------------------------------
---------------29:07:2016---------------
[00:04:31]----new heigh level exception----
It is importent you find this error and get it fix!!!!
Status : not catch
In file: C:\xampp\htdocs\chat\inc\tempelate\database.php
In line: 37
Message: Unknown variabel
Extra  : username
--------------------------------
[00:04:34]----new heigh level exception----
It is importent you find this error and get it fix!!!!
Status : not catch
In file: C:\xampp\htdocs\chat\inc\tempelate\database.php
In line: 37
Message: Unknown variabel
Extra  : username
--------------------------------
[00:05:46]----new heigh level exception----
It is importent you find this error and get it fix!!!!
Status : not catch
In file: C:\xampp\htdocs\chat\inc\tempelate\database.php
In line: 37
Message: Unknown variabel
Extra  : error
--------------------------------
[00:05:47]----new heigh level exception----
It is importent you find this error and get it fix!!!!
Status : not catch
In file: C:\xampp\htdocs\chat\inc\tempelate\database.php
In line: 37
Message: Unknown variabel
Extra  : error
--------------------------------
[00:07:06]----new heigh level exception----
It is importent you find this error and get it fix!!!!
Status : not catch
In file: C:\xampp\htdocs\chat\inc\tempelate\database.php
In line: 37
Message: Unknown variabel
Extra  : channel
--------------------------------
[00:07:09]----new heigh level exception----
It is importent you find this error and get it fix!!!!
Status : not catch
In file: C:\xampp\htdocs\chat\inc\tempelate\database.php
In line: 37
Message: Unknown variabel
Extra  : channel
--------------------------------
---------------31:07:2016---------------
[09:28:41]----new heigh level exception----
It is importent you find this error and get it fix!!!!
Status : not catch
In file: C:\xampp\htdocs\chat\inc\tempelate\type.php
In line: 17
Message: Convert error. could convert 'NULL' to string
Extra  : No extra data is given
--------------------------------
[09:29:24]----new heigh level exception----
It is importent you find this error and get it fix!!!!
Status : not catch
In file: C:\xampp\htdocs\chat\inc\tempelate\type.php
In line: 17
Message: Convert error. could convert 'NULL' to string
Extra  : No extra data is given
--------------------------------
[14:10:51]----new heigh level exception----
It is importent you find this error and get it fix!!!!
Status : not catch
In file: C:\xampp\htdocs\chat\inc\tempelate\render.php
In line: 170
Message: Unknown prefix
Extra  : No extra data is given
--------------------------------
[14:11:12]----new heigh level exception----
It is importent you find this error and get it fix!!!!
Status : not catch
In file: C:\xampp\htdocs\chat\inc\tempelate\render.php
In line: 170
Message: Unknown prefix 
Extra  : No extra data is given
--------------------------------
[14:11:47]----new heigh level exception----
It is importent you find this error and get it fix!!!!
Status : not catch
In file: C:\xampp\htdocs\chat\inc\tempelate\render.php
In line: 170
Message: Unknown prefix [0]
Extra  : No extra data is given
--------------------------------
[14:13:58]----new heigh level exception----
It is importent you find this error and get it fix!!!!
Status : not catch
In file: C:\xampp\htdocs\chat\inc\tempelate\render.php
In line: 47
Message: Missing tag in line channel--@>");
Extra  : No extra data is given
--------------------------------
[14:14:16]----new heigh level exception----
It is importent you find this error and get it fix!!!!
Status : not catch
In file: C:\xampp\htdocs\chat\inc\tempelate\render.php
In line: 47
Message: Missing tag in line 17
Extra  : No extra data is given
--------------------------------
[14:14:29]----new heigh level exception----
It is importent you find this error and get it fix!!!!
Status : not catch
In file: C:\xampp\htdocs\chat\inc\tempelate\type.php
In line: 9
Message: Convert error. could convert 'string' to array
Extra  : No extra data is given
--------------------------------
[14:14:29]----new heigh level exception----
It is importent you find this error and get it fix!!!!
Status : not catch
In file: C:\xampp\htdocs\chat\inc\tempelate\type.php
In line: 9
Message: Convert error. could convert 'string' to array
Extra  : No extra data is given
--------------------------------
[14:14:56]----new heigh level exception----
It is importent you find this error and get it fix!!!!
Status : not catch
In file: C:\xampp\htdocs\chat\inc\tempelate\type.php
In line: 9
Message: Convert error. could convert 'string' to array
Extra  : No extra data is given
--------------------------------
[14:14:56]----new heigh level exception----
It is importent you find this error and get it fix!!!!
Status : not catch
In file: C:\xampp\htdocs\chat\inc\tempelate\type.php
In line: 9
Message: Convert error. could convert 'string' to array
Extra  : No extra data is given
--------------------------------
[14:16:01]----new heigh level exception----
It is importent you find this error and get it fix!!!!
Status : not catch
In file: C:\xampp\htdocs\chat\inc\tempelate\type.php
In line: 9
Message: Convert error. could convert 'string' to array
Extra  : string
--------------------------------
[14:37:22]----new heigh level exception----
It is importent you find this error and get it fix!!!!
Status : not catch
In file: C:\xampp\htdocs\chat\inc\driver\tempelate\tempelate_language.php
In line: 25
Message: Language syntrack contain error
Extra  : |Copyright
--------------------------------
[14:58:15]----new heigh level exception----
It is importent you find this error and get it fix!!!!
Status : not catch
In file: C:\xampp\htdocs\chat\inc\tempelate\render.php
In line: 47
Message: Missing tag in line 266
Extra  : No extra data is given
--------------------------------
[15:52:06]----new heigh level exception----
It is importent you find this error and get it fix!!!!
Status : not catch
In file: C:\xampp\htdocs\chat\inc\tempelate\render.php
In line: 173
Message: Unknown prefix form[102]
Extra  : form
--------------------------------
