---------------27:07:2016---------------
[19:30:20]Missing language: Username
---------------28:07:2016---------------
[08:12:34]Missing language: Password
[08:12:57]Missing language: Password
[08:13:54]Missing language: Password
[08:28:48]Missing language: Password
[08:29:36]Missing language: Password
[08:29:59]Missing language: Password
[08:30:15]Missing language: Password
[08:30:27]Missing language: Password
[08:30:42]Missing language: Password
[08:31:05]Missing language: Password
[08:31:21]Missing language: Password
[08:31:31]Missing language: Password
[08:31:43]Missing language: Password
[08:32:51]Missing language: Password
[08:33:28]Missing language: Password
[08:34:01]Missing language: Password
[08:34:24]Missing language: Password
[08:35:20]Missing language: Password
[08:37:01]Missing language: Login
[08:37:01]Missing language: Create Account
[08:37:01]Missing language: Geaust
[08:37:01]Missing language: Password
[08:37:34]Missing language: Login
[08:37:34]Missing language: Create Account
[08:37:34]Missing language: Geaust
[08:37:34]Missing language: Password
[08:38:18]Missing language: Login
[08:38:18]Missing language: Create Account
[08:38:18]Missing language: Geaust
[08:38:18]Missing language: Password
[08:38:41]Missing language: Login
[08:38:41]Missing language: Create Account
[08:38:41]Missing language: Geaust
[08:38:41]Missing language: Password
[08:38:56]Missing language: Login
[08:38:56]Missing language: Create Account
[08:38:56]Missing language: Geaust
[08:38:56]Missing language: Password
[08:39:06]Missing language: Login
[08:39:06]Missing language: Create Account
[08:39:06]Missing language: Geaust
[08:39:06]Missing language: Password
[08:39:21]Missing language: Login
[08:39:21]Missing language: Create Account
[08:39:21]Missing language: Geaust
[08:39:21]Missing language: Password
[08:39:36]Missing language: Login
[08:39:36]Missing language: Create Account
[08:39:36]Missing language: Geaust
[08:39:36]Missing language: Password
[08:39:42]Missing language: Login
[08:39:42]Missing language: Create Account
[08:39:42]Missing language: Geaust
[08:39:42]Missing language: Password
[08:39:54]Missing language: Login
[08:39:54]Missing language: Create Account
[08:39:54]Missing language: Geaust
[08:39:54]Missing language: Password
[08:40:05]Missing language: Login
[08:40:05]Missing language: Create Account
[08:40:05]Missing language: Geaust
[08:40:05]Missing language: Password
[08:40:17]Missing language: Login
[08:40:17]Missing language: Create
[08:40:17]Missing language: Geaust
[08:40:17]Missing language: Password
[08:40:30]Missing language: Login
[08:40:30]Missing language: Create
[08:40:30]Missing language: Geaust
[08:40:30]Missing language: Password
[08:40:44]Missing language: Login
[08:40:44]Missing language: Create
[08:40:44]Missing language: Geaust
[08:40:44]Missing language: Password
[08:41:40]Missing language: Login
[08:41:40]Missing language: Create
[08:41:40]Missing language: Geaust
[08:41:40]Missing language: Password
[08:43:27]Missing language: Login
[08:43:27]Missing language: Create
[08:43:27]Missing language: Geaust
[08:43:27]Missing language: Password
[08:44:13]Missing language: Login
[08:44:13]Missing language: Create
[08:44:13]Missing language: Geaust
[08:44:13]Missing language: Password
[08:44:42]Missing language: Login
[08:44:42]Missing language: Create
[08:44:42]Missing language: Geaust
[08:44:42]Missing language: Password
[08:45:08]Missing language: Login
[08:45:08]Missing language: Create
[08:45:08]Missing language: Geaust
[08:45:08]Missing language: Password
[08:54:46]Missing language: Login
[08:54:46]Missing language: Create
[08:54:46]Missing language: Geaust
[08:54:46]Missing language: Password
[08:54:46]Missing language: Login
[08:55:41]Missing language: Login
[08:55:41]Missing language: Create
[08:55:41]Missing language: Geaust
[08:55:41]Missing language: Password
[08:55:41]Missing language: Login
[08:56:35]Missing language: Login
[08:56:35]Missing language: Create
[08:56:35]Missing language: Geaust
[08:56:35]Missing language: Password
[08:56:35]Missing language: Login
[08:56:36]Missing language: Login
[08:56:36]Missing language: Create
[08:56:36]Missing language: Geaust
[08:56:36]Missing language: Password
[08:56:36]Missing language: Login
[08:56:37]Missing language: Login
[08:56:37]Missing language: Create
[08:56:37]Missing language: Geaust
[08:56:37]Missing language: Password
[08:56:37]Missing language: Login
[08:59:43]Missing language: Login
[08:59:43]Missing language: Create
[08:59:43]Missing language: Geaust
[08:59:43]Missing language: Password
[08:59:43]Missing language: Login
[08:59:47]Missing language: Unknown username or/and password
[08:59:47]Missing language: Login
[08:59:47]Missing language: Create
[08:59:47]Missing language: Geaust
[08:59:47]Missing language: Password
[08:59:47]Missing language: Login
[09:00:17]Missing language: Unknown username or/and password
[09:00:17]Missing language: Login
[09:00:17]Missing language: Create
[09:00:17]Missing language: Geaust
[09:00:17]Missing language: Password
[09:00:17]Missing language: Login
[09:00:20]Missing language: Unknown username or/and password
[09:00:20]Missing language: Login
[09:00:20]Missing language: Create
[09:00:20]Missing language: Geaust
[09:00:20]Missing language: Password
[09:00:20]Missing language: Login
[09:01:43]Missing language: Unknown username or/and password
[09:01:43]Missing language: Login
[09:01:43]Missing language: Create
[09:01:43]Missing language: Geaust
[09:01:43]Missing language: Password
[09:01:43]Missing language: Login
[09:03:48]Missing language: The account is not set up to CowChat login driver. Please login widht you driver and connect the account to CowChat driver
[09:03:48]Missing language: Login
[09:03:48]Missing language: Create
[09:03:48]Missing language: Geaust
[09:03:48]Missing language: Password
[09:03:48]Missing language: Login
[09:10:39]Missing language: Create a new account
[09:10:39]Missing language: Login
[09:10:39]Missing language: Create
[09:10:39]Missing language: Geaust
[09:11:44]Missing language: Create a new account
[09:11:44]Missing language: Login
[09:11:44]Missing language: Create
[09:11:44]Missing language: Geaust
[09:12:18]Missing language: Create a new account
[09:12:18]Missing language: Login
[09:12:18]Missing language: Create
[09:12:18]Missing language: Geaust
[09:13:02]Missing language: Create a new account
[09:13:02]Missing language: Login
[09:13:02]Missing language: Create
[09:13:02]Missing language: Geaust
[09:14:16]Missing language: Create a new account
[09:14:16]Missing language: Login
[09:14:16]Missing language: Create
[09:14:16]Missing language: Geaust
[09:14:16]Missing language: Password
[09:17:06]Missing language: Create a new account
[09:17:06]Missing language: Login
[09:17:06]Missing language: Create
[09:17:06]Missing language: Geaust
[09:17:06]Missing language: Password
[09:18:16]Missing language: Create a new account
[09:18:16]Missing language: Login
[09:18:16]Missing language: Create
[09:18:16]Missing language: Geaust
[09:18:16]Missing language: Password
[09:18:16]Missing language: Repeat password
[09:21:01]Missing language: Create a new account
[09:21:01]Missing language: Login
[09:21:01]Missing language: Create
[09:21:01]Missing language: Geaust
[09:21:01]Missing language: Password
[09:21:01]Missing language: Repeat password
[09:21:01]Missing language: Email
[09:22:35]Missing language: Create a new account
[09:22:35]Missing language: Login
[09:22:35]Missing language: Create
[09:22:35]Missing language: Geaust
[09:22:35]Missing language: Password
[09:22:35]Missing language: Repeat password
[09:22:35]Missing language: Email
[09:23:14]Missing language: Create a new account
[09:23:14]Missing language: Login
[09:23:14]Missing language: Create
[09:23:14]Missing language: Geaust
[09:23:14]Missing language: Password
[09:23:14]Missing language: Repeat password
[09:23:14]Missing language: Email
[09:23:34]Missing language: Login
[09:23:34]Missing language: Create
[09:23:34]Missing language: Geaust
[09:23:34]Missing language: Password
[09:23:34]Missing language: Login
[09:23:37]Missing language: Create a new account
[09:23:37]Missing language: Login
[09:23:37]Missing language: Create
[09:23:37]Missing language: Geaust
[09:23:37]Missing language: Password
[09:23:37]Missing language: Repeat password
[09:23:37]Missing language: Email
[09:23:38]Missing language: Login
[09:23:38]Missing language: Create
[09:23:38]Missing language: Geaust
[09:23:38]Missing language: Password
[09:23:38]Missing language: Login
[09:23:39]Missing language: Create a new account
[09:23:39]Missing language: Login
[09:23:39]Missing language: Create
[09:23:39]Missing language: Geaust
[09:23:39]Missing language: Password
[09:23:39]Missing language: Repeat password
[09:23:39]Missing language: Email
[09:23:44]Missing language: Login
[09:23:44]Missing language: Create
[09:23:44]Missing language: Geaust
[09:23:44]Missing language: Password
[09:23:44]Missing language: Login
[09:23:45]Missing language: Create a new account
[09:23:45]Missing language: Login
[09:23:45]Missing language: Create
[09:23:45]Missing language: Geaust
[09:23:45]Missing language: Password
[09:23:45]Missing language: Repeat password
[09:23:45]Missing language: Email
[09:24:29]Missing language: Create a new account
[09:24:29]Missing language: Login
[09:24:29]Missing language: Create
[09:24:29]Missing language: Geaust
[09:24:29]Missing language: Password
[09:24:29]Missing language: Repeat password
[09:24:29]Missing language: Email
[09:25:02]Missing language: Create a new account
[09:25:02]Missing language: Login
[09:25:02]Missing language: Create
[09:25:02]Missing language: Geaust
[09:25:02]Missing language: Password
[09:25:02]Missing language: Repeat password
[09:25:02]Missing language: Email
[09:25:28]Missing language: Create a new account
[09:25:28]Missing language: Login
[09:25:28]Missing language: Create
[09:25:28]Missing language: Geaust
[09:25:28]Missing language: Password
[09:25:28]Missing language: Repeat password
[09:25:28]Missing language: Email
[09:27:38]Missing language: Create a new account
[09:27:38]Missing language: Login
[09:27:38]Missing language: Create
[09:27:38]Missing language: Geaust
[09:27:38]Missing language: Password
[09:27:38]Missing language: Repeat password
[09:27:38]Missing language: Email
[09:28:16]Missing language: Create a new account
[09:28:16]Missing language: Login
[09:28:16]Missing language: Create
[09:28:16]Missing language: Geaust
[09:28:16]Missing language: Password
[09:28:16]Missing language: Repeat password
[09:28:16]Missing language: Email
[09:28:47]Missing language: Create a new account
[09:28:47]Missing language: Login
[09:28:47]Missing language: Create
[09:28:47]Missing language: Geaust
[09:28:47]Missing language: Password
[09:28:47]Missing language: Repeat password
[09:28:47]Missing language: Email
[09:28:49]Missing language: Create a new account
[09:28:49]Missing language: Login
[09:28:49]Missing language: Create
[09:28:49]Missing language: Geaust
[09:28:49]Missing language: Password
[09:28:49]Missing language: Repeat password
[09:28:49]Missing language: Email
[09:28:50]Missing language: Create a new account
[09:28:50]Missing language: Login
[09:28:50]Missing language: Create
[09:28:50]Missing language: Geaust
[09:28:50]Missing language: Password
[09:28:50]Missing language: Repeat password
[09:28:50]Missing language: Email
[09:31:33]Missing language: Username '%s' is taken
[09:31:33]Missing language: Create a new account
[09:31:33]Missing language: Login
[09:31:33]Missing language: Create
[09:31:33]Missing language: Geaust
[09:31:33]Missing language: Password
[09:31:33]Missing language: Repeat password
[09:31:33]Missing language: Email
[09:33:05]Missing language: The two password is not equels
[09:33:05]Missing language: Create a new account
[09:33:05]Missing language: Login
[09:33:05]Missing language: Create
[09:33:05]Missing language: Geaust
[09:33:05]Missing language: Password
[09:33:05]Missing language: Repeat password
[09:33:05]Missing language: Email
[09:33:13]Missing language: The two password is not equels
[09:33:13]Missing language: Create a new account
[09:33:13]Missing language: Login
[09:33:13]Missing language: Create
[09:33:13]Missing language: Geaust
[09:33:13]Missing language: Password
[09:33:13]Missing language: Repeat password
[09:33:13]Missing language: Email
[09:33:24]Missing language: Create a new account
[09:33:24]Missing language: Login
[09:33:24]Missing language: Create
[09:33:24]Missing language: Geaust
[09:33:24]Missing language: Password
[09:33:24]Missing language: Repeat password
[09:33:24]Missing language: Email
[09:34:21]Missing language: Email is taken
[09:34:21]Missing language: Create a new account
[09:34:21]Missing language: Login
[09:34:21]Missing language: Create
[09:34:21]Missing language: Geaust
[09:34:21]Missing language: Password
[09:34:21]Missing language: Repeat password
[09:34:21]Missing language: Email
[09:35:30]Missing language: Email is taken
[09:35:31]Missing language: Create a new account
[09:35:31]Missing language: Login
[09:35:31]Missing language: Create
[09:35:31]Missing language: Geaust
[09:35:31]Missing language: Password
[09:35:31]Missing language: Repeat password
[09:35:31]Missing language: Email
[09:35:40]Missing language: Email is taken
[09:35:40]Missing language: Create a new account
[09:35:40]Missing language: Login
[09:35:40]Missing language: Create
[09:35:40]Missing language: Geaust
[09:35:40]Missing language: Password
[09:35:40]Missing language: Repeat password
[09:35:40]Missing language: Email
[09:35:51]Missing language: Email is taken
[09:35:51]Missing language: Create a new account
[09:35:51]Missing language: Login
[09:35:51]Missing language: Create
[09:35:51]Missing language: Geaust
[09:35:51]Missing language: Password
[09:35:51]Missing language: Repeat password
[09:35:51]Missing language: Email
[09:36:16]Missing language: Create a new account
[09:36:16]Missing language: Login
[09:36:16]Missing language: Create
[09:36:16]Missing language: Geaust
[09:36:16]Missing language: Password
[09:36:16]Missing language: Repeat password
[09:36:16]Missing language: Email
[09:51:27]Missing language: You has now createt a account. Please check you email and activate the account
[09:51:54]Missing language: You has now createt a account. Please check you email and activate the account
[09:51:54]Missing language: Create a new account
[09:51:54]Missing language: Login
[09:51:54]Missing language: Create
[09:51:54]Missing language: Geaust
[09:51:54]Missing language: Password
[09:51:54]Missing language: Repeat password
[09:51:54]Missing language: Email
[09:59:10]Missing language: You has now createt a account. Please check you email and activate the account
[09:59:10]Missing language: Activate you account
[09:59:10]Missing language: Hallo %s.
[09:59:10]Missing language: You has just createt a account on %s
[09:59:10]Missing language: To use you new account pleace visist %s and vertify this email is valid
[09:59:11]Missing language: Create a new account
[09:59:11]Missing language: Login
[09:59:11]Missing language: Create
[09:59:11]Missing language: Geaust
[09:59:11]Missing language: Password
[09:59:11]Missing language: Repeat password
[09:59:11]Missing language: Email
[10:02:51]Missing language: You has now createt a account. Please check you email and activate the account
[10:02:51]Missing language: Activate you account
[10:02:51]Missing language: Hallo %s.
[10:02:51]Missing language: You has just createt a account on %s
[10:02:51]Missing language: To use you new account pleace visist %s and vertify this email is valid
[10:02:51]Missing language: Create a new account
[10:02:51]Missing language: Login
[10:02:51]Missing language: Create
[10:02:51]Missing language: Geaust
[10:02:51]Missing language: Password
[10:02:51]Missing language: Repeat password
[10:02:51]Missing language: Email
[10:03:56]Missing language: You has now createt a account. Please check you email and activate the account
[10:03:56]Missing language: Activate you account
[10:03:56]Missing language: Hallo %s.
[10:03:56]Missing language: You has just createt a account on %s
[10:03:56]Missing language: To use you new account pleace visist %s and vertify this email is valid
[10:03:56]Missing language: Create a new account
[10:03:56]Missing language: Login
[10:03:56]Missing language: Create
[10:03:56]Missing language: Geaust
[10:03:56]Missing language: Password
[10:03:56]Missing language: Repeat password
[10:03:56]Missing language: Email
[10:04:59]Missing language: You has now createt a account. Please check you email and activate the account
[10:04:59]Missing language: Activate you account
[10:04:59]Missing language: Hallo %s.
[10:04:59]Missing language: You has just createt a account on %s
[10:04:59]Missing language: To use you new account pleace visist %s and vertify this email is valid
[10:04:59]Missing language: Create a new account
[10:04:59]Missing language: Login
[10:04:59]Missing language: Create
[10:04:59]Missing language: Geaust
[10:04:59]Missing language: Password
[10:04:59]Missing language: Repeat password
[10:04:59]Missing language: Email
[10:09:33]Missing language: You has now createt a account. Please check you email and activate the account
[10:09:33]Missing language: Activate you account
[10:09:33]Missing language: Hallo %s.
[10:09:33]Missing language: You has just createt a account on %s
[10:09:33]Missing language: To use you new account pleace visist %s and vertify this email is valid
[10:09:33]Missing language: Create a new account
[10:09:33]Missing language: Login
[10:09:33]Missing language: Create
[10:09:33]Missing language: Geaust
[10:09:33]Missing language: Password
[10:09:33]Missing language: Repeat password
[10:09:33]Missing language: Email
[10:13:50]Missing language: You has now createt a account. Please check you email and activate the account
[10:13:50]Missing language: Activate you account
[10:13:50]Missing language: Hallo %s.
[10:13:50]Missing language: You has just createt a account on %s
[10:13:50]Missing language: To use you new account pleace visist %s and vertify this email is valid
[10:13:50]Missing language: Create a new account
[10:13:50]Missing language: Login
[10:13:50]Missing language: Create
[10:13:50]Missing language: Geaust
[10:13:50]Missing language: Password
[10:13:50]Missing language: Repeat password
[10:13:50]Missing language: Email
[10:15:44]Missing language: You has now createt a account. Please check you email and activate the account
[10:15:44]Missing language: Activate you account
[10:15:44]Missing language: Hallo %s.
[10:15:44]Missing language: You has just createt a account on %s
[10:15:44]Missing language: To use you new account pleace visist %s and vertify this email is valid
[10:15:44]Missing language: Create a new account
[10:15:44]Missing language: Login
[10:15:44]Missing language: Create
[10:15:44]Missing language: Geaust
[10:15:44]Missing language: Password
[10:15:44]Missing language: Repeat password
[10:15:44]Missing language: Email
[10:17:11]Missing language: You has now createt a account. Please check you email and activate the account
[10:17:11]Missing language: Activate you account
[10:17:11]Missing language: Hallo %s.
[10:17:11]Missing language: You has just createt a account on %s
[10:17:11]Missing language: To use you new account pleace visist %s and vertify this email is valid
[10:17:11]Missing language: Create a new account
[10:17:11]Missing language: Login
[10:17:11]Missing language: Create
[10:17:11]Missing language: Geaust
[10:17:11]Missing language: Password
[10:17:11]Missing language: Repeat password
[10:17:11]Missing language: Email
[10:20:09]Missing language: Activate you account
[10:20:09]Missing language: Hallo %s.
[10:20:09]Missing language: You has just createt a account on %s
[10:20:09]Missing language: To use you new account pleace visist %s and vertify this email is valid
[10:21:03]Missing language: Login
[10:21:03]Missing language: Create
[10:21:03]Missing language: Geaust
[10:21:03]Missing language: Password
[10:21:03]Missing language: Login
[10:27:34]Missing language: Login
[10:27:34]Missing language: Create
[10:27:34]Missing language: Geaust
[10:27:34]Missing language: Password
[10:27:34]Missing language: Login
[10:27:58]Missing language: Create a new account
[10:27:58]Missing language: Login
[10:27:58]Missing language: Create
[10:27:58]Missing language: Geaust
[10:27:58]Missing language: Password
[10:27:58]Missing language: Repeat password
[10:27:58]Missing language: Email
[10:28:06]Missing language: Activate you account
[10:28:06]Missing language: Hallo %s.
[10:28:06]Missing language: You has just createt a account on %s
[10:28:06]Missing language: To use you new account pleace visist %s and vertify this email is valid
[10:30:09]Missing language: Username '%s' is taken
[10:30:09]Missing language: Create a new account
[10:30:09]Missing language: Login
[10:30:09]Missing language: Create
[10:30:09]Missing language: Geaust
[10:30:09]Missing language: Password
[10:30:09]Missing language: Repeat password
[10:30:09]Missing language: Email
[10:30:12]Missing language: Login
[10:30:12]Missing language: Create
[10:30:12]Missing language: Geaust
[10:30:12]Missing language: Password
[10:30:12]Missing language: Login
[10:30:14]Missing language: Unknown username or/and password
[10:30:14]Missing language: Login
[10:30:14]Missing language: Create
[10:30:14]Missing language: Geaust
[10:30:14]Missing language: Password
[10:30:14]Missing language: Login
[10:32:25]Missing language: Unknown username or/and password
[10:32:25]Missing language: Login
[10:32:25]Missing language: Create
[10:32:25]Missing language: Geaust
[10:32:25]Missing language: Password
[10:32:25]Missing language: Login
[10:32:35]Missing language: 1Unknown username or/and password
[10:32:35]Missing language: Login
[10:32:35]Missing language: Create
[10:32:35]Missing language: Geaust
[10:32:35]Missing language: Password
[10:32:35]Missing language: Login
[10:33:18]Missing language: 2Unknown username or/and password
[10:33:18]Missing language: Login
[10:33:18]Missing language: Create
[10:33:18]Missing language: Geaust
[10:33:18]Missing language: Password
[10:33:18]Missing language: Login
[10:33:34]Missing language: Login
[10:33:34]Missing language: Create
[10:33:34]Missing language: Geaust
[10:33:34]Missing language: Password
[10:33:34]Missing language: Login
[10:33:38]Missing language: Login
[10:33:38]Missing language: Create
[10:33:38]Missing language: Geaust
[10:33:38]Missing language: Password
[10:33:38]Missing language: Login
[10:34:41]Missing language: Login
[10:34:41]Missing language: Create
[10:34:41]Missing language: Geaust
[10:34:41]Missing language: Password
[10:34:41]Missing language: Login
[10:34:54]Missing language: Login
[10:34:54]Missing language: Create
[10:34:54]Missing language: Geaust
[10:34:54]Missing language: Password
[10:34:54]Missing language: Login
[10:35:04]Missing language: Login
[10:35:04]Missing language: Create
[10:35:04]Missing language: Geaust
[10:35:04]Missing language: Password
[10:35:04]Missing language: Login
[10:35:50]Missing language: Login
[10:35:50]Missing language: Create
[10:35:50]Missing language: Geaust
[10:35:50]Missing language: Password
[10:35:50]Missing language: Login
[10:36:14]Missing language: Login
[10:36:14]Missing language: Create
[10:36:14]Missing language: Geaust
[10:36:14]Missing language: Password
[10:36:14]Missing language: Login
[14:15:35]Missing language: Change you profile
[14:18:39]Missing language: Change you profile
[14:23:08]Missing language: Change you profile
[14:23:26]Missing language: Change you profile
[14:31:37]Missing language: Change you profile
[14:31:46]Missing language: Change you profile
[14:31:55]Missing language: Change you profile
[14:32:01]Missing language: Change you profile
[14:32:17]Missing language: Change you profile
[14:32:20]Missing language: Change you profile
[14:35:48]Missing language: Change you profile
[14:36:04]Missing language: Change you profile
[14:36:30]Missing language: Change you profile
[14:36:46]Missing language: Change you profile
[14:37:24]Missing language: Change you profile
[14:37:40]Missing language: Change you profile
[14:41:55]Missing language: Change you profile
[14:41:59]Missing language: Change you profile
[14:42:20]Missing language: Change you profile
[14:42:31]Missing language: Change you profile
[14:42:32]Missing language: Change you profile
[14:45:40]Missing language: Change you profile
[14:46:16]Missing language: Change you profile
[14:46:31]Missing language: Change you profile
[14:46:47]Missing language: Change you profile
[14:47:50]Missing language: Change you profile
[14:48:24]Missing language: Change you profile
[14:49:27]Missing language: Change you profile
[14:51:57]Missing language: Change you profile
[14:52:26]Missing language: Change you profile
[14:52:49]Missing language: Change you profile
[15:03:24]Missing language: Change you profile
[15:07:07]Missing language: Change you profile
[15:07:47]Missing language: Change you profile
[15:08:03]Missing language: Change you profile
[15:08:40]Missing language: Change you profile
[15:09:08]Missing language: Change you profile
[15:10:13]Missing language: Change you profile
[15:10:44]Missing language: Change you profile
[15:11:54]Missing language: Change you profile
[15:13:10]Missing language: Change you profile
[15:14:25]Missing language: Change you profile
[15:14:58]Missing language: Change you profile
[15:15:45]Missing language: Change you profile
[15:16:04]Missing language: Change you profile
[15:16:20]Missing language: Change you profile
[15:16:43]Missing language: Change you profile
[15:17:04]Missing language: Change you profile
[15:17:25]Missing language: Change you profile
[15:19:28]Missing language: Change you profile
[15:19:59]Missing language: Change you profile
[15:25:24]Missing language: Change you profile
[15:25:38]Missing language: Change you profile
[15:25:46]Missing language: Change you profile
[15:26:53]Missing language: Change you profile
[16:12:00]Missing language: Change you profile
[16:12:35]Missing language: Change you profile
[16:13:31]Missing language: Change you profile
[17:53:13]Missing language: Change you profile
[17:57:19]Missing language: Change you profile
[17:57:36]Missing language: Change you profile
[18:05:01]Missing language: Change you profile
[18:05:29]Missing language: Change you profile
[18:17:31]Missing language: Change you profile
[18:18:35]Missing language: Change you profile
[18:19:47]Missing language: Change you profile
[18:20:05]Missing language: Change you profile
[18:20:38]Missing language: Change you profile
[18:22:16]Missing language: Change you profile
[18:25:41]Missing language: Change you profile
[18:25:41]Missing language: Change you profile
[18:25:42]Missing language: Change you profile
[18:26:02]Missing language: Change you profile
[18:26:04]Missing language: Change you profile
[18:26:33]Missing language: Change you profile
[18:26:34]Missing language: Change you profile
[18:27:44]Missing language: Change you profile
[18:27:45]Missing language: Change you profile
[18:28:04]Missing language: Change you profile
[18:28:06]Missing language: Change you profile
[18:28:33]Missing language: Change you profile
[18:28:35]Missing language: Change you profile
[18:29:07]Missing language: Change you profile
[18:29:08]Missing language: Change you profile
[18:32:48]Missing language: Change you profile
[18:32:50]Missing language: Change you profile
[18:33:21]Missing language: Change you profile
[18:33:22]Missing language: Change you profile
[18:46:51]Missing language: Change you profile
[18:46:53]Missing language: Change you profile
[18:47:17]Missing language: Change you profile
[18:47:18]Missing language: Change you profile
[18:47:37]Missing language: Change you profile
[18:47:38]Missing language: Change you profile
[18:52:42]Missing language: Change you profile
[18:52:44]Missing language: Change you profile
[18:54:13]Missing language: Change you profile
[18:54:15]Missing language: Change you profile
[18:56:56]Missing language: Change you profile
[18:56:58]Missing language: Change you profile
[18:57:37]Missing language: Change you profile
[18:57:39]Missing language: Change you profile
[18:58:25]Missing language: Change you profile
[18:58:27]Missing language: Change you profile
[18:59:15]Missing language: Change you profile
[18:59:17]Missing language: Change you profile
[19:01:01]Missing language: Change you profile
[19:01:02]Missing language: Change you profile
[19:01:17]Missing language: Change you profile
[19:01:18]Missing language: Change you profile
[19:22:33]Missing language: Change you profile
[19:22:35]Missing language: Change you profile
[19:22:53]Missing language: Change you profile
[19:22:54]Missing language: Change you profile
[19:23:20]Missing language: Change you profile
[19:23:22]Missing language: Change you profile
[19:23:40]Missing language: Change you profile
[19:23:42]Missing language: Change you profile
[19:23:44]Missing language: Change you profile
[19:23:45]Missing language: Change you profile
[19:23:58]Missing language: Change you profile
[19:24:00]Missing language: Change you profile
[19:24:01]Missing language: Change you profile
[19:24:04]Missing language: Change you profile
[19:25:00]Missing language: Change you profile
[19:25:02]Missing language: Change you profile
[19:25:33]Missing language: Change you profile
[19:25:35]Missing language: Change you profile
[19:25:44]Missing language: Change you profile
[19:25:46]Missing language: Change you profile
[19:25:55]Missing language: Change you profile
[19:25:57]Missing language: Change you profile
[19:27:57]Missing language: Change you profile
[19:28:00]Missing language: Change you profile
[19:28:18]Missing language: Change you profile
[19:28:20]Missing language: Change you profile
[19:30:10]Missing language: Change you profile
[19:30:13]Missing language: Change you profile
[20:00:53]Missing language: The two password is not equels
[20:01:13]Missing language: Login
[20:01:13]Missing language: Create
[20:01:13]Missing language: Geaust
[20:01:13]Missing language: Password
[20:01:13]Missing language: Login
[20:01:16]Missing language: 2Unknown username or/and password
[20:01:16]Missing language: Login
[20:01:16]Missing language: Create
[20:01:16]Missing language: Geaust
[20:01:16]Missing language: Password
[20:01:16]Missing language: Login
[20:01:23]Missing language: 2Unknown username or/and password
[20:01:23]Missing language: Login
[20:01:23]Missing language: Create
[20:01:23]Missing language: Geaust
[20:01:23]Missing language: Password
[20:01:23]Missing language: Login
[20:01:32]Missing language: 2Unknown username or/and password
[20:01:32]Missing language: Login
[20:01:32]Missing language: Create
[20:01:32]Missing language: Geaust
[20:01:32]Missing language: Password
[20:01:32]Missing language: Login
[20:09:14]Missing language: Login
[20:09:14]Missing language: Create
[20:09:14]Missing language: Geaust
[20:09:14]Missing language: Password
[20:09:14]Missing language: Login
[20:10:00]Missing language: Login
[20:10:00]Missing language: Create
[20:10:00]Missing language: Geaust
[20:10:00]Missing language: Password
[20:10:00]Missing language: Login
[20:13:08]Missing language: Login
[20:13:08]Missing language: Create
[20:13:08]Missing language: Geaust
[20:13:08]Missing language: Password
[20:13:08]Missing language: Login
[20:13:41]Missing language: Login
[20:13:41]Missing language: Create
[20:13:41]Missing language: Geaust
[20:13:41]Missing language: Password
[20:13:41]Missing language: Login
[20:14:09]Missing language: Login
[20:14:09]Missing language: Create
[20:14:09]Missing language: Geaust
[20:14:09]Missing language: Password
[20:14:09]Missing language: Login
[20:30:37]Missing language: Login
[20:30:37]Missing language: Create
[20:30:37]Missing language: Geaust
[20:30:37]Missing language: Password
[20:30:37]Missing language: Login
[20:30:37]Missing language: Login
[20:30:37]Missing language: Create
[20:30:37]Missing language: Geaust
[20:30:37]Missing language: Password
[20:30:37]Missing language: Login
[20:30:43]Missing language: Login
[20:30:43]Missing language: Create
[20:30:43]Missing language: Geaust
[20:30:43]Missing language: Password
[20:30:43]Missing language: Login
[20:30:46]Missing language: Login
[20:30:46]Missing language: Create
[20:30:46]Missing language: Geaust
[20:30:46]Missing language: Password
[20:30:46]Missing language: Login
[20:31:22]Missing language: Login
[20:31:22]Missing language: Create
[20:31:22]Missing language: Geaust
[20:31:22]Missing language: Password
[20:31:22]Missing language: Login
[20:31:25]Missing language: Create a new account
[20:31:25]Missing language: Login
[20:31:25]Missing language: Create
[20:31:25]Missing language: Geaust
[20:31:25]Missing language: Password
[20:31:25]Missing language: Repeat password
[20:31:25]Missing language: Email
[20:31:30]Missing language: Create a new account
[20:31:30]Missing language: Login
[20:31:30]Missing language: Create
[20:31:30]Missing language: Geaust
[20:31:30]Missing language: Password
[20:31:30]Missing language: Repeat password
[20:31:30]Missing language: Email
[20:31:32]Missing language: Login
[20:31:32]Missing language: Create
[20:31:32]Missing language: Geaust
[20:31:32]Missing language: Password
[20:31:32]Missing language: Login
[20:32:33]Missing language: 1Unknown username or/and password
[20:32:33]Missing language: Login
[20:32:33]Missing language: Create
[20:32:33]Missing language: Geaust
[20:32:33]Missing language: Password
[20:32:33]Missing language: Login
[20:32:36]Missing language: 1Unknown username or/and password
[20:32:36]Missing language: Login
[20:32:36]Missing language: Create
[20:32:36]Missing language: Geaust
[20:32:36]Missing language: Password
[20:32:36]Missing language: Login
[21:10:37]Missing language: Login
[21:10:37]Missing language: Create
[21:10:37]Missing language: Geaust
[21:10:37]Missing language: Password
[21:10:37]Missing language: Login
[21:10:47]Missing language: Login
[21:10:47]Missing language: Create
[21:10:47]Missing language: Geaust
[21:10:47]Missing language: Password
[21:10:47]Missing language: Login
[21:10:49]Missing language: Create a new account
[21:10:49]Missing language: Login
[21:10:49]Missing language: Create
[21:10:49]Missing language: Geaust
[21:10:49]Missing language: Password
[21:10:49]Missing language: Repeat password
[21:10:49]Missing language: Email
[21:10:51]Missing language: Login
[21:10:51]Missing language: Create
[21:10:51]Missing language: Geaust
[21:10:51]Missing language: Password
[21:10:51]Missing language: Login
[21:23:53]Missing language: Login
[21:23:53]Missing language: Create
[21:23:53]Missing language: Geaust
[21:23:53]Missing language: Password
[21:23:53]Missing language: Login
[21:23:57]Missing language: Login
[21:23:57]Missing language: Create
[21:23:57]Missing language: Geaust
[21:23:57]Missing language: Password
[21:23:57]Missing language: Login
[21:24:16]Missing language: Login
[21:24:16]Missing language: Create
[21:24:16]Missing language: Geaust
[21:24:16]Missing language: Password
[21:24:16]Missing language: Login
[23:52:50]Missing language: Password
[23:52:50]Missing language: Login
[23:56:26]Missing language: Password
[23:56:26]Missing language: Login
[23:56:46]Missing language: Password
[23:56:46]Missing language: Login
[23:57:21]Missing language: Password
[23:57:21]Missing language: Login
[23:57:59]Missing language: Password
[23:57:59]Missing language: Login
[23:59:12]Missing language: Login
[23:59:12]Missing language: Create
[23:59:12]Missing language: Geaust
[23:59:12]Missing language: Password
[23:59:12]Missing language: Login
---------------29:07:2016---------------
[00:00:06]Missing language: Login
[00:00:06]Missing language: Create
[00:00:06]Missing language: Geaust
[00:00:06]Missing language: Password
[00:00:06]Missing language: Login
[00:01:27]Missing language: Login
[00:01:27]Missing language: Create
[00:01:27]Missing language: Geaust
[00:01:27]Missing language: Password
[00:01:27]Missing language: Login
[00:01:45]Missing language: Create a new account
[00:01:45]Missing language: Login
[00:01:45]Missing language: Create
[00:01:45]Missing language: Geaust
[00:01:45]Missing language: Password
[00:01:45]Missing language: Repeat password
[00:01:45]Missing language: Email
[00:02:05]Missing language: Login
[00:02:05]Missing language: Create
[00:02:05]Missing language: Geaust
[00:02:05]Missing language: Password
[00:02:05]Missing language: Login
[00:02:07]Missing language: 1Unknown username or/and password
[00:02:07]Missing language: Login
[00:02:07]Missing language: Create
[00:02:07]Missing language: Geaust
[00:02:07]Missing language: Password
[00:02:07]Missing language: Login
[00:02:47]Missing language: Create a new account
[00:02:47]Missing language: Login
[00:02:47]Missing language: Create
[00:02:47]Missing language: Geaust
[00:02:47]Missing language: Password
[00:02:47]Missing language: Repeat password
[00:02:47]Missing language: Email
[00:02:57]Missing language: Activate you account
[00:02:57]Missing language: Hallo %s.
[00:02:57]Missing language: You has just createt a account on %s
[00:02:57]Missing language: To use you new account pleace visist %s and vertify this email is valid
[00:08:04]Missing language: Change you profile
[00:08:13]Missing language: Change you profile
[00:08:16]Missing language: Change you profile
[00:08:19]Missing language: Change you profile
[00:39:01]Missing language: Change you profile
[00:39:04]Missing language: Change you profile
[00:39:54]Missing language: Change you profile
[00:39:57]Missing language: Change you profile
[00:40:09]Missing language: Change you profile
[00:40:12]Missing language: Change you profile
[00:41:58]Missing language: Change you profile
[00:42:01]Missing language: Change you profile
---------------30:07:2016---------------
[15:01:24]Missing language: Login
[15:01:24]Missing language: Create
[15:01:24]Missing language: Geaust
[15:01:24]Missing language: Password
[15:01:24]Missing language: Login
[15:01:25]Missing language: Create a new account
[15:01:25]Missing language: Login
[15:01:25]Missing language: Create
[15:01:25]Missing language: Geaust
[15:01:25]Missing language: Password
[15:01:25]Missing language: Repeat password
[15:01:25]Missing language: Email
[15:01:48]Missing language: Login
[15:01:48]Missing language: Create
[15:01:48]Missing language: Geaust
[15:01:48]Missing language: Password
[15:01:48]Missing language: Login
[15:02:03]Missing language: Login
[15:02:03]Missing language: Create
[15:02:03]Missing language: Geaust
[15:02:03]Missing language: Password
[15:02:03]Missing language: Login
[15:03:05]Missing language: Login
[15:03:05]Missing language: Create
[15:03:05]Missing language: Geaust
[15:03:05]Missing language: Password
[15:03:05]Missing language: Login
[15:03:19]Missing language: Login
[15:03:19]Missing language: Create
[15:03:19]Missing language: Geaust
[15:03:19]Missing language: Password
[15:03:19]Missing language: Login
[15:04:08]Missing language: Login
[15:04:08]Missing language: Create
[15:04:08]Missing language: Geaust
[15:04:08]Missing language: Password
[15:04:08]Missing language: Login
[15:04:37]Missing language: Change you profile
[15:05:05]Missing language: Login
[15:05:05]Missing language: Create
[15:05:05]Missing language: Geaust
[15:05:05]Missing language: Password
[15:05:05]Missing language: Login
[15:05:08]Missing language: Change you profile
[15:06:22]Missing language: Change you profile
[15:06:58]Missing language: Change you profile
[15:07:26]Missing language: Change you profile
[15:07:45]Missing language: Change you profile
[15:08:07]Missing language: Change you profile
[15:09:05]Missing language: Change you profile
[15:10:48]Missing language: Change you profile
[15:13:06]Missing language: Change you profile
[15:13:06]Missing language: Logout
[15:14:27]Missing language: Change you profile
[15:14:27]Missing language: Logout
[15:14:39]Missing language: Change you profile
[15:14:39]Missing language: Logout
[15:14:48]Missing language: Change you profile
[15:14:48]Missing language: Logout
[15:15:10]Missing language: Change you profile
[15:15:10]Missing language: Logout
[15:15:40]Missing language: Change you profile
[15:15:40]Missing language: Logout
[15:21:59]Missing language: Change you profile
[15:21:59]Missing language: Logout
[15:22:08]Missing language: Login
[15:22:08]Missing language: Create
[15:22:08]Missing language: Geaust
[15:22:08]Missing language: Password
[15:22:08]Missing language: Login
[15:22:11]Missing language: Change you profile
[15:22:11]Missing language: Logout
[15:27:44]Missing language: Change you profile
[15:27:44]Missing language: Logout
[15:28:02]Missing language: Change you profile
[15:28:02]Missing language: Logout
[15:29:05]Missing language: Change you profile
[15:29:05]Missing language: Logout
[15:35:14]Missing language: Change you profile
[15:35:14]Missing language: Logout
[15:36:10]Missing language: Change you profile
[15:36:10]Missing language: Logout
[15:36:24]Missing language: Change you profile
[15:36:24]Missing language: Logout
[15:37:08]Missing language: Change you profile
[15:37:08]Missing language: Logout
[15:37:27]Missing language: Change you profile
[15:37:27]Missing language: Logout
[15:37:53]Missing language: Change you profile
[15:37:53]Missing language: Logout
[15:38:25]Missing language: Change you profile
[15:38:25]Missing language: Logout
[15:38:51]Missing language: Change you profile
[15:38:51]Missing language: Logout
[15:39:15]Missing language: Change you profile
[15:39:15]Missing language: Logout
[15:39:46]Missing language: Change you profile
[15:39:46]Missing language: Logout
[15:41:11]Missing language: Change you profile
[15:41:11]Missing language: Logout
[15:41:37]Missing language: Change you profile
[15:41:37]Missing language: Logout
[15:41:59]Missing language: Change you profile
[15:41:59]Missing language: Logout
[15:42:04]Missing language: Change you profile
[15:42:04]Missing language: Logout
[15:42:58]Missing language: Change you profile
[15:42:58]Missing language: Logout
[15:43:45]Missing language: Change you profile
[15:43:45]Missing language: Logout
[15:44:03]Missing language: Change you profile
[15:44:03]Missing language: Logout
[15:45:20]Missing language: Change you profile
[15:45:20]Missing language: Logout
[15:45:30]Missing language: Change you profile
[15:45:30]Missing language: Logout
[15:46:00]Missing language: Change you profile
[15:46:00]Missing language: Logout
[15:46:04]Missing language: Change you profile
[15:46:04]Missing language: Logout
[15:49:44]Missing language: Change you profile
[15:49:44]Missing language: Logout
[15:49:59]Missing language: Change you profile
[15:49:59]Missing language: Logout
[15:50:22]Missing language: Change you profile
[15:50:22]Missing language: Logout
[15:52:23]Missing language: Change you profile
[15:52:23]Missing language: Logout
[15:52:40]Missing language: Change you profile
[15:52:40]Missing language: Logout
[15:53:19]Missing language: Change you profile
[15:53:19]Missing language: Logout
[15:54:36]Missing language: Change you profile
[15:54:36]Missing language: Logout
[15:55:07]Missing language: Change you profile
[15:55:07]Missing language: Logout
[15:56:45]Missing language: Change you profile
[15:56:45]Missing language: Logout
[15:57:01]Missing language: Change you profile
[15:57:01]Missing language: Logout
[15:57:23]Missing language: Change you profile
[15:57:23]Missing language: Logout
[15:59:36]Missing language: Change you profile
[15:59:36]Missing language: Logout
[16:00:02]Missing language: Change you profile
[16:00:02]Missing language: Logout
[16:00:21]Missing language: Change you profile
[16:00:21]Missing language: Logout
[16:01:37]Missing language: Change you profile
[16:01:37]Missing language: Logout
[16:03:05]Missing language: Change you profile
[16:03:05]Missing language: Logout
[16:03:59]Missing language: Change you profile
[16:03:59]Missing language: Logout
[16:05:49]Missing language: Change you profile
[16:05:49]Missing language: Logout
[16:06:17]Missing language: Change you profile
[16:06:17]Missing language: Logout
[16:07:41]Missing language: Change you profile
[16:07:41]Missing language: Logout
[16:07:45]Missing language: Change you profile
[16:07:45]Missing language: Logout
[16:08:31]Missing language: Change you profile
[16:08:31]Missing language: Logout
[16:09:01]Missing language: Change you profile
[16:09:01]Missing language: Logout
[16:09:58]Missing language: Change you profile
[16:09:58]Missing language: Logout
[16:10:53]Missing language: Change you profile
[16:10:53]Missing language: Logout
[16:12:43]Missing language: Change you profile
[16:12:43]Missing language: Logout
[16:14:18]Missing language: Change you profile
[16:14:18]Missing language: Logout
[16:16:09]Missing language: Change you profile
[16:16:09]Missing language: Logout
[16:17:25]Missing language: Change you profile
[16:17:25]Missing language: Logout
[16:18:15]Missing language: Change you profile
[16:18:15]Missing language: Logout
[16:19:13]Missing language: Change you profile
[16:19:13]Missing language: Logout
[16:20:13]Missing language: Change you profile
[16:20:13]Missing language: Logout
[16:23:23]Missing language: Change you profile
[16:23:23]Missing language: Logout
[16:23:30]Missing language: Change you profile
[16:23:30]Missing language: Logout
[16:24:52]Missing language: Change you profile
[16:24:52]Missing language: Logout
[16:25:58]Missing language: Change you profile
[16:25:58]Missing language: Logout
[16:27:14]Missing language: Change you profile
[16:27:14]Missing language: Logout
[16:28:15]Missing language: Change you profile
[16:28:15]Missing language: Logout
[16:28:43]Missing language: Change you profile
[16:28:43]Missing language: Logout
[16:29:10]Missing language: Change you profile
[16:29:10]Missing language: Logout
[16:29:34]Missing language: Change you profile
[16:29:34]Missing language: Logout
[16:30:13]Missing language: Change you profile
[16:30:13]Missing language: Logout
[16:30:20]Missing language: Change you profile
[16:30:20]Missing language: Logout
[16:31:57]Missing language: Change you profile
[16:31:57]Missing language: Logout
[16:32:45]Missing language: Change you profile
[16:32:45]Missing language: Logout
[16:33:05]Missing language: Change you profile
[16:33:05]Missing language: Logout
[16:36:21]Missing language: Change you profile
[16:36:21]Missing language: Logout
[16:37:55]Missing language: Change you profile
[16:37:55]Missing language: Logout
[16:39:08]Missing language: Change you profile
[16:39:08]Missing language: Logout
[16:39:15]Missing language: Change you profile
[16:39:15]Missing language: Logout
[16:39:50]Missing language: Change you profile
[16:39:50]Missing language: Logout
[19:45:12]Missing language: Change you profile
[19:45:12]Missing language: Logout
[19:45:28]Missing language: Change you profile
[19:45:28]Missing language: Logout
[19:45:40]Missing language: Change you profile
[19:45:40]Missing language: Logout
[19:45:56]Missing language: Change you profile
[19:45:56]Missing language: Logout
[19:46:09]Missing language: Change you profile
[19:46:09]Missing language: Logout
[19:46:33]Missing language: Change you profile
[19:46:33]Missing language: Logout
[19:47:01]Missing language: Change you profile
[19:47:01]Missing language: Logout
[19:47:45]Missing language: Change you profile
[19:47:45]Missing language: Logout
[19:47:57]Missing language: Change you profile
[19:47:57]Missing language: Logout
[19:48:58]Missing language: Change you profile
[19:48:58]Missing language: Logout
[19:49:24]Missing language: Change you profile
[19:49:24]Missing language: Logout
[19:49:41]Missing language: Change you profile
[19:49:41]Missing language: Logout
[19:49:58]Missing language: Change you profile
[19:49:58]Missing language: Logout
[19:50:12]Missing language: Change you profile
[19:50:12]Missing language: Logout
[19:50:25]Missing language: Change you profile
[19:50:25]Missing language: Logout
[19:50:32]Missing language: Change you profile
[19:50:32]Missing language: Logout
[19:50:39]Missing language: Change you profile
[19:50:39]Missing language: Logout
[19:50:47]Missing language: Change you profile
[19:50:47]Missing language: Logout
[19:51:02]Missing language: Change you profile
[19:51:02]Missing language: Logout
[19:51:11]Missing language: Change you profile
[19:51:11]Missing language: Logout
[19:51:21]Missing language: Change you profile
[19:51:21]Missing language: Logout
[19:51:31]Missing language: Change you profile
[19:51:31]Missing language: Logout
[19:52:14]Missing language: Change you profile
[19:52:14]Missing language: Logout
[19:52:23]Missing language: Change you profile
[19:52:23]Missing language: Logout
[19:52:32]Missing language: Change you profile
[19:52:32]Missing language: Logout
[19:52:43]Missing language: Change you profile
[19:52:43]Missing language: Logout
[19:53:20]Missing language: Change you profile
[19:53:20]Missing language: Logout
[19:53:47]Missing language: Change you profile
[19:53:47]Missing language: Logout
[19:53:59]Missing language: Change you profile
[19:53:59]Missing language: Logout
[19:54:08]Missing language: Change you profile
[19:54:08]Missing language: Logout
[19:54:21]Missing language: Change you profile
[19:54:21]Missing language: Logout
[19:54:34]Missing language: Change you profile
[19:54:34]Missing language: Logout
[19:55:09]Missing language: Change you profile
[19:55:09]Missing language: Logout
[19:55:20]Missing language: Change you profile
[19:55:20]Missing language: Logout
[19:55:33]Missing language: Change you profile
[19:55:33]Missing language: Logout
[19:55:56]Missing language: Change you profile
[19:55:56]Missing language: Logout
[19:56:17]Missing language: Change you profile
[19:56:17]Missing language: Logout
[19:56:38]Missing language: Change you profile
[19:56:38]Missing language: Logout
[19:57:16]Missing language: Change you profile
[19:57:16]Missing language: Logout
[19:57:31]Missing language: Change you profile
[19:57:31]Missing language: Logout
---------------31:07:2016---------------
[08:42:28]Missing language: Change you profile
[08:42:28]Missing language: Logout
[08:42:52]Missing language: Change you profile
[08:42:52]Missing language: Logout
[08:43:09]Missing language: Change you profile
[08:43:09]Missing language: Logout
[08:43:27]Missing language: Change you profile
[08:43:27]Missing language: Logout
[08:44:09]Missing language: Change you profile
[08:44:09]Missing language: Logout
[08:44:23]Missing language: Change you profile
[08:44:23]Missing language: Logout
[08:44:47]Missing language: Change you profile
[08:44:47]Missing language: Logout
[08:45:09]Missing language: Change you profile
[08:45:09]Missing language: Logout
[08:45:49]Missing language: Change you profile
[08:45:49]Missing language: Logout
[08:46:22]Missing language: Change you profile
[08:46:22]Missing language: Logout
[08:47:04]Missing language: Change you profile
[08:47:04]Missing language: Logout
[08:48:07]Missing language: Change you profile
[08:48:07]Missing language: Logout
[08:48:20]Missing language: Change you profile
[08:48:20]Missing language: Logout
[08:48:31]Missing language: Change you profile
[08:48:31]Missing language: Logout
[08:49:07]Missing language: Change you profile
[08:49:07]Missing language: Logout
[08:49:44]Missing language: Change you profile
[08:49:44]Missing language: Logout
[08:49:58]Missing language: Change you profile
[08:49:58]Missing language: Logout
[08:50:03]Missing language: Change you profile
[08:50:03]Missing language: Logout
[08:51:11]Missing language: Change you profile
[08:51:11]Missing language: Logout
[08:51:22]Missing language: Change you profile
[08:51:22]Missing language: Logout
[08:51:55]Missing language: Change you profile
[08:51:55]Missing language: Logout
[08:52:07]Missing language: Change you profile
[08:52:07]Missing language: Logout
[08:52:16]Missing language: Change you profile
[08:52:16]Missing language: Logout
[08:52:29]Missing language: Change you profile
[08:52:29]Missing language: Logout
[08:52:38]Missing language: Change you profile
[08:52:38]Missing language: Logout
[08:53:12]Missing language: Change you profile
[08:53:12]Missing language: Logout
[08:53:20]Missing language: Change you profile
[08:53:20]Missing language: Logout
[08:54:44]Missing language: Change you profile
[08:54:44]Missing language: Logout
[08:55:24]Missing language: Change you profile
[08:55:24]Missing language: Logout
[08:55:54]Missing language: Change you profile
[08:55:54]Missing language: Logout
[08:56:45]Missing language: Change you profile
[08:56:45]Missing language: Logout
[08:57:08]Missing language: Change you profile
[08:57:08]Missing language: Logout
[08:57:17]Missing language: Change you profile
[08:57:17]Missing language: Logout
[08:57:27]Missing language: Change you profile
[08:57:27]Missing language: Logout
[08:57:45]Missing language: Change you profile
[08:57:45]Missing language: Logout
[08:58:28]Missing language: Change you profile
[08:58:28]Missing language: Logout
[09:00:14]Missing language: Change you profile
[09:00:14]Missing language: Logout
[09:00:45]Missing language: Change you profile
[09:00:45]Missing language: Logout
[09:01:34]Missing language: Change you profile
[09:01:34]Missing language: Logout
[09:02:28]Missing language: Change you profile
[09:02:28]Missing language: Logout
[09:03:04]Missing language: Change you profile
[09:03:04]Missing language: Logout
[09:04:42]Missing language: Change you profile
[09:04:42]Missing language: Logout
[09:05:15]Missing language: Change you profile
[09:05:15]Missing language: Logout
[09:05:51]Missing language: Change you profile
[09:05:51]Missing language: Logout
[09:06:17]Missing language: Change you profile
[09:06:17]Missing language: Logout
[09:06:43]Missing language: Change you profile
[09:06:43]Missing language: Logout
[09:06:55]Missing language: Change you profile
[09:06:55]Missing language: Logout
[09:07:35]Missing language: Change you profile
[09:07:35]Missing language: Logout
[09:07:46]Missing language: Change you profile
[09:07:46]Missing language: Logout
[09:07:56]Missing language: Change you profile
[09:07:56]Missing language: Logout
[09:08:03]Missing language: Change you profile
[09:08:03]Missing language: Logout
[09:09:03]Missing language: Change you profile
[09:09:03]Missing language: Logout
[09:09:11]Missing language: Change you profile
[09:09:11]Missing language: Logout
[09:09:25]Missing language: Change you profile
[09:09:25]Missing language: Logout
[09:09:44]Missing language: Change you profile
[09:09:44]Missing language: Logout
[09:09:59]Missing language: Change you profile
[09:09:59]Missing language: Logout
[09:10:22]Missing language: Change you profile
[09:10:22]Missing language: Logout
[09:10:37]Missing language: Change you profile
[09:10:37]Missing language: Logout
[09:10:54]Missing language: Change you profile
[09:10:54]Missing language: Logout
[09:12:42]Missing language: Change you profile
[09:12:42]Missing language: Logout
[09:15:05]Missing language: Change you profile
[09:15:05]Missing language: Logout
[09:33:13]Missing language: Change you profile
[09:33:13]Missing language: Logout
[09:33:14]Missing language: Change you profile
[09:33:14]Missing language: Logout
[09:50:33]Missing language: Change you profile
[09:50:33]Missing language: Logout
[09:50:34]Missing language: Change you profile
[09:50:34]Missing language: Logout
[09:52:21]Missing language: Change you profile
[09:52:21]Missing language: Logout
[09:52:22]Missing language: Change you profile
[09:52:22]Missing language: Logout
[09:52:55]Missing language: Change you profile
[09:52:55]Missing language: Logout
[09:52:55]Missing language: Change you profile
[09:52:55]Missing language: Logout
[09:53:00]Missing language: Change you profile
[09:53:00]Missing language: Logout
[09:53:01]Missing language: Change you profile
[09:53:01]Missing language: Logout
[09:53:33]Missing language: Change you profile
[09:53:33]Missing language: Logout
[09:53:33]Missing language: Change you profile
[09:53:33]Missing language: Logout
[09:53:41]Missing language: Change you profile
[09:53:41]Missing language: Logout
[09:53:41]Missing language: Change you profile
[09:53:41]Missing language: Logout
[09:55:21]Missing language: Change you profile
[09:55:21]Missing language: Logout
[09:55:21]Missing language: Change you profile
[09:55:21]Missing language: Logout
[09:58:43]Missing language: Change you profile
[09:58:43]Missing language: Logout
[09:58:43]Missing language: Change you profile
[09:58:43]Missing language: Logout
[09:59:12]Missing language: Change you profile
[09:59:12]Missing language: Logout
[09:59:13]Missing language: Change you profile
[09:59:13]Missing language: Logout
[10:00:12]Missing language: Change you profile
[10:00:12]Missing language: Logout
[10:00:12]Missing language: Change you profile
[10:00:12]Missing language: Logout
[10:00:38]Missing language: Change you profile
[10:00:38]Missing language: Logout
[10:00:38]Missing language: Change you profile
[10:00:38]Missing language: Logout
[10:02:48]Missing language: Change you profile
[10:02:48]Missing language: Logout
[10:02:49]Missing language: Change you profile
[10:02:49]Missing language: Logout
[10:03:58]Missing language: Change you profile
[10:03:58]Missing language: Logout
[10:03:58]Missing language: Change you profile
[10:03:58]Missing language: Logout
[10:04:47]Missing language: Change you profile
[10:04:47]Missing language: Logout
[10:04:47]Missing language: Change you profile
[10:04:47]Missing language: Logout
[10:16:15]Missing language: Change you profile
[10:16:15]Missing language: Logout
[10:16:16]Missing language: Change you profile
[10:16:16]Missing language: Logout
[13:45:42]Missing language: Change you profile
[13:45:42]Missing language: Logout
[13:45:42]Missing language: Change you profile
[13:45:42]Missing language: Logout
[13:53:31]Missing language: Change you profile
[13:53:31]Missing language: Logout
[13:53:37]Missing language: Change you profile
[13:53:37]Missing language: Logout
[13:54:19]Missing language: Change you profile
[13:54:19]Missing language: Logout
[13:54:29]Missing language: Change you profile
[13:54:29]Missing language: Logout
[13:58:57]Missing language: Change you profile
[13:58:57]Missing language: Logout
[13:59:08]Missing language: Change you profile
[13:59:08]Missing language: Logout
[13:59:25]Missing language: Change you profile
[13:59:25]Missing language: Logout
[13:59:31]Missing language: Change you profile
[13:59:31]Missing language: Logout
[14:04:54]Missing language: Change you profile
[14:04:54]Missing language: Logout
[14:04:54]Missing language: Change you profile
[14:04:54]Missing language: Logout
[14:07:20]Missing language: Change you profile
[14:07:20]Missing language: Logout
[14:07:21]Missing language: Change you profile
[14:07:21]Missing language: Logout
[14:16:45]Missing language: Change you profile
[14:16:45]Missing language: Logout
[14:16:48]Missing language: Change you profile
[14:16:48]Missing language: Logout
[14:16:48]Missing language: Change you profile
[14:16:48]Missing language: Logout
[14:17:33]Missing language: Change you profile
[14:17:33]Missing language: Logout
[14:17:50]Missing language: Change you profile
[14:17:50]Missing language: Logout
[14:17:50]Missing language: Change you profile
[14:17:50]Missing language: Logout
[14:19:33]Missing language: Change you profile
[14:19:33]Missing language: Logout
[14:19:33]Missing language: Change you profile
[14:19:33]Missing language: Logout
[14:20:47]Missing language: Change you profile
[14:20:47]Missing language: Logout
[14:20:47]Missing language: Change you profile
[14:20:47]Missing language: Logout
[14:21:11]Missing language: Change you profile
[14:21:11]Missing language: Logout
[14:21:12]Missing language: Change you profile
[14:21:12]Missing language: Logout
[14:21:53]Missing language: Change you profile
[14:21:53]Missing language: Logout
[14:21:53]Missing language: Change you profile
[14:21:53]Missing language: Logout
[14:22:07]Missing language: Change you profile
[14:22:07]Missing language: Logout
[14:22:07]Missing language: Change you profile
[14:22:07]Missing language: Logout
[14:22:35]Missing language: Change you profile
[14:22:35]Missing language: Logout
[14:22:36]Missing language: Change you profile
[14:22:36]Missing language: Logout
[14:22:46]Missing language: Change you profile
[14:22:46]Missing language: Logout
[14:22:46]Missing language: Change you profile
[14:22:46]Missing language: Logout
[14:23:47]Missing language: Change you profile
[14:23:47]Missing language: Logout
[14:23:47]Missing language: Change you profile
[14:23:47]Missing language: Logout
[14:24:18]Missing language: Change you profile
[14:24:18]Missing language: Logout
[14:24:18]Missing language: Change you profile
[14:24:18]Missing language: Logout
[14:24:48]Missing language: Change you profile
[14:24:48]Missing language: Logout
[14:24:48]Missing language: Change you profile
[14:24:48]Missing language: Logout
[14:24:57]Missing language: Change you profile
[14:24:57]Missing language: Logout
[14:24:57]Missing language: Change you profile
[14:24:57]Missing language: Logout
[14:25:02]Missing language: Change you profile
[14:25:02]Missing language: Logout
[14:25:02]Missing language: Change you profile
[14:25:02]Missing language: Logout
[14:25:20]Missing language: Change you profile
[14:25:20]Missing language: Logout
[14:25:21]Missing language: Change you profile
[14:25:21]Missing language: Logout
[14:25:31]Missing language: Change you profile
[14:25:31]Missing language: Logout
[14:25:32]Missing language: Change you profile
[14:25:32]Missing language: Logout
[14:25:40]Missing language: Change you profile
[14:25:40]Missing language: Logout
[14:25:40]Missing language: Change you profile
[14:25:40]Missing language: Logout
[14:26:01]Missing language: Change you profile
[14:26:01]Missing language: Logout
[14:26:01]Missing language: Change you profile
[14:26:01]Missing language: Logout
[14:26:40]Missing language: Change you profile
[14:26:40]Missing language: Logout
[14:26:40]Missing language: Change you profile
[14:26:40]Missing language: Logout
[14:26:57]Missing language: Change you profile
[14:26:57]Missing language: Logout
[14:26:57]Missing language: Change you profile
[14:26:57]Missing language: Logout
[14:27:09]Missing language: Change you profile
[14:27:09]Missing language: Logout
[14:27:09]Missing language: Change you profile
[14:27:09]Missing language: Logout
[14:27:17]Missing language: Change you profile
[14:27:17]Missing language: Logout
[14:27:17]Missing language: Change you profile
[14:27:17]Missing language: Logout
[14:27:28]Missing language: Change you profile
[14:27:28]Missing language: Logout
[14:27:28]Missing language: Change you profile
[14:27:28]Missing language: Logout
[14:27:37]Missing language: Change you profile
[14:27:37]Missing language: Logout
[14:27:38]Missing language: Change you profile
[14:27:38]Missing language: Logout
[14:27:49]Missing language: Change you profile
[14:27:49]Missing language: Logout
[14:27:50]Missing language: Change you profile
[14:27:50]Missing language: Logout
[14:28:37]Missing language: Change you profile
[14:28:37]Missing language: Logout
[14:28:38]Missing language: Change you profile
[14:28:38]Missing language: Logout
[14:28:51]Missing language: Change you profile
[14:28:51]Missing language: Logout
[14:28:51]Missing language: Change you profile
[14:28:51]Missing language: Logout
[14:29:01]Missing language: Change you profile
[14:29:01]Missing language: Logout
[14:29:01]Missing language: Change you profile
[14:29:01]Missing language: Logout
[14:29:06]Missing language: Change you profile
[14:29:06]Missing language: Logout
[14:29:06]Missing language: Change you profile
[14:29:06]Missing language: Logout
[14:29:13]Missing language: Change you profile
[14:29:13]Missing language: Logout
[14:29:13]Missing language: Change you profile
[14:29:13]Missing language: Logout
[14:31:35]Missing language: Change you profile
[14:31:35]Missing language: Logout
[14:31:35]Missing language: Change you profile
[14:31:35]Missing language: Logout
[14:37:48]Missing language: Change you profile
[14:37:48]Missing language: Logout
[14:37:48]Missing language: Copyright
[14:37:48]Missing language: Change you profile
[14:37:48]Missing language: Logout
[14:37:48]Missing language: Copyright
[14:43:04]Missing language: Change you profile
[14:43:04]Missing language: Logout
[14:43:04]Missing language: Copyright
[14:43:04]Missing language: Change you profile
[14:43:04]Missing language: Logout
[14:43:04]Missing language: Copyright
[14:43:06]Missing language: Change you profile
[14:43:06]Missing language: Logout
[14:43:06]Missing language: Copyright
[14:43:06]Missing language: Change you profile
[14:43:06]Missing language: Logout
[14:43:06]Missing language: Copyright
[14:47:50]Missing language: Change you profile
[14:47:50]Missing language: Logout
[14:47:50]Missing language: Copyright
[14:47:51]Missing language: Change you profile
[14:47:51]Missing language: Logout
[14:47:51]Missing language: Copyright
[14:49:39]Missing language: Change you profile
[14:49:39]Missing language: Logout
[14:49:39]Missing language: Copyright
[14:49:39]Missing language: Change you profile
[14:49:39]Missing language: Logout
[14:49:39]Missing language: Copyright
[14:50:24]Missing language: Change you profile
[14:50:24]Missing language: Logout
[14:50:24]Missing language: Copyright
[14:50:24]Missing language: Change you profile
[14:50:24]Missing language: Logout
[14:50:24]Missing language: Copyright
[14:54:12]Missing language: Change you profile
[14:54:12]Missing language: Logout
[14:54:12]Missing language: Copyright
[14:54:13]Missing language: Change you profile
[14:54:13]Missing language: Logout
[14:54:13]Missing language: Copyright
[14:55:11]Missing language: Change you profile
[14:55:11]Missing language: Logout
[14:55:11]Missing language: Copyright
[14:55:11]Missing language: Change you profile
[14:55:11]Missing language: Logout
[14:55:11]Missing language: Copyright
[14:55:53]Missing language: Change you profile
[14:55:53]Missing language: Logout
[14:55:53]Missing language: Copyright
[14:55:53]Missing language: Change you profile
[14:55:53]Missing language: Logout
[14:55:53]Missing language: Copyright
[14:58:39]Missing language: Change you profile
[14:58:39]Missing language: Logout
[14:58:39]Missing language: Copyright
[14:58:39]Missing language: Change you profile
[14:58:39]Missing language: Logout
[14:58:39]Missing language: Copyright
[14:59:07]Missing language: Change you profile
[14:59:07]Missing language: Logout
[14:59:07]Missing language: Copyright
[14:59:07]Missing language: Change you profile
[14:59:07]Missing language: Logout
[14:59:07]Missing language: Copyright
[14:59:16]Missing language: Change you profile
[14:59:16]Missing language: Logout
[14:59:16]Missing language: Copyright
[14:59:16]Missing language: Change you profile
[14:59:16]Missing language: Logout
[14:59:16]Missing language: Copyright
[14:59:38]Missing language: Change you profile
[14:59:38]Missing language: Logout
[14:59:38]Missing language: Copyright
[14:59:39]Missing language: Change you profile
[14:59:39]Missing language: Logout
[14:59:39]Missing language: Copyright
[14:59:54]Missing language: Change you profile
[14:59:54]Missing language: Logout
[14:59:54]Missing language: Copyright
[14:59:54]Missing language: Change you profile
[14:59:54]Missing language: Logout
[14:59:54]Missing language: Copyright
[15:00:23]Missing language: Change you profile
[15:00:23]Missing language: Logout
[15:00:23]Missing language: Copyright
[15:00:24]Missing language: Change you profile
[15:00:24]Missing language: Logout
[15:00:24]Missing language: Copyright
[15:00:53]Missing language: Change you profile
[15:00:53]Missing language: Logout
[15:00:53]Missing language: Copyright
[15:00:53]Missing language: Change you profile
[15:00:53]Missing language: Logout
[15:00:53]Missing language: Copyright
[15:03:20]Missing language: Change you profile
[15:03:20]Missing language: Logout
[15:03:20]Missing language: Copyright
[15:03:20]Missing language: Change you profile
[15:03:20]Missing language: Logout
[15:03:20]Missing language: Copyright
[15:03:42]Missing language: Change you profile
[15:03:42]Missing language: Logout
[15:03:42]Missing language: Copyright
[15:03:42]Missing language: Change you profile
[15:03:42]Missing language: Logout
[15:03:42]Missing language: Copyright
[15:04:18]Missing language: Change you profile
[15:04:18]Missing language: Logout
[15:04:18]Missing language: Copyright
[15:04:18]Missing language: Change you profile
[15:04:18]Missing language: Logout
[15:04:18]Missing language: Copyright
[15:04:32]Missing language: Change you profile
[15:04:32]Missing language: Logout
[15:04:32]Missing language: Copyright
[15:04:33]Missing language: Change you profile
[15:04:33]Missing language: Logout
[15:04:33]Missing language: Copyright
[15:04:43]Missing language: Change you profile
[15:04:43]Missing language: Logout
[15:04:43]Missing language: Copyright
[15:04:44]Missing language: Change you profile
[15:04:44]Missing language: Logout
[15:04:44]Missing language: Copyright
[15:06:36]Missing language: Change you profile
[15:06:36]Missing language: Logout
[15:06:36]Missing language: Copyright
[15:06:37]Missing language: Change you profile
[15:06:37]Missing language: Logout
[15:06:37]Missing language: Copyright
[15:07:21]Missing language: Change you profile
[15:07:21]Missing language: Logout
[15:07:21]Missing language: Copyright
[15:07:22]Missing language: Change you profile
[15:07:22]Missing language: Logout
[15:07:22]Missing language: Copyright
[15:07:32]Missing language: Change you profile
[15:07:32]Missing language: Logout
[15:07:32]Missing language: Copyright
[15:07:33]Missing language: Change you profile
[15:07:33]Missing language: Logout
[15:07:33]Missing language: Copyright
[15:07:59]Missing language: Change you profile
[15:07:59]Missing language: Logout
[15:07:59]Missing language: Copyright
[15:08:00]Missing language: Change you profile
[15:08:00]Missing language: Logout
[15:08:00]Missing language: Copyright
[15:08:11]Missing language: Change you profile
[15:08:11]Missing language: Logout
[15:08:11]Missing language: Copyright
[15:08:11]Missing language: Change you profile
[15:08:11]Missing language: Logout
[15:08:11]Missing language: Copyright
[15:08:30]Missing language: Change you profile
[15:08:30]Missing language: Logout
[15:08:30]Missing language: Copyright
[15:08:32]Missing language: Change you profile
[15:08:32]Missing language: Logout
[15:08:32]Missing language: Copyright
[15:10:00]Missing language: Change you profile
[15:10:00]Missing language: Logout
[15:10:00]Missing language: Copyright
[15:10:01]Missing language: Change you profile
[15:10:01]Missing language: Logout
[15:10:01]Missing language: Copyright
[15:10:23]Missing language: Change you profile
[15:10:23]Missing language: Logout
[15:10:23]Missing language: Copyright
[15:10:23]Missing language: Change you profile
[15:10:23]Missing language: Logout
[15:10:23]Missing language: Copyright
[15:12:54]Missing language: Change you profile
[15:12:54]Missing language: Logout
[15:12:54]Missing language: Copyright
[15:12:55]Missing language: Change you profile
[15:12:55]Missing language: Logout
[15:12:55]Missing language: Copyright
[15:13:14]Missing language: Change you profile
[15:13:14]Missing language: Logout
[15:13:14]Missing language: Copyright
[15:13:15]Missing language: Change you profile
[15:13:15]Missing language: Logout
[15:13:15]Missing language: Copyright
[15:13:33]Missing language: Change you profile
[15:13:33]Missing language: Logout
[15:13:33]Missing language: Copyright
[15:13:34]Missing language: Change you profile
[15:13:34]Missing language: Logout
[15:13:34]Missing language: Copyright
[15:14:47]Missing language: Change you profile
[15:14:47]Missing language: Logout
[15:14:47]Missing language: Copyright
[15:14:48]Missing language: Change you profile
[15:14:48]Missing language: Logout
[15:14:48]Missing language: Copyright
[15:16:56]Missing language: Change you profile
[15:16:56]Missing language: Logout
[15:16:56]Missing language: Copyright
[15:16:57]Missing language: Change you profile
[15:16:57]Missing language: Logout
[15:16:57]Missing language: Copyright
[15:17:24]Missing language: Change you profile
[15:17:24]Missing language: Logout
[15:17:24]Missing language: Copyright
[15:17:24]Missing language: Change you profile
[15:17:24]Missing language: Logout
[15:17:24]Missing language: Copyright
[15:18:01]Missing language: Change you profile
[15:18:01]Missing language: Logout
[15:18:01]Missing language: Copyright
[15:18:01]Missing language: Change you profile
[15:18:01]Missing language: Logout
[15:18:01]Missing language: Copyright
[15:19:07]Missing language: Change you profile
[15:19:07]Missing language: Logout
[15:19:07]Missing language: Copyright
[15:19:07]Missing language: Change you profile
[15:19:07]Missing language: Logout
[15:19:07]Missing language: Copyright
[15:21:43]Missing language: Change you profile
[15:21:43]Missing language: Logout
[15:21:43]Missing language: Copyright
[15:21:43]Missing language: Change you profile
[15:21:43]Missing language: Logout
[15:21:43]Missing language: Copyright
[15:37:47]Missing language: Login
[15:37:47]Missing language: Create
[15:37:47]Missing language: Geaust
[15:37:47]Missing language: Password
[15:37:47]Missing language: Login
[15:38:49]Missing language: Login
[15:38:49]Missing language: Create
[15:38:49]Missing language: Geaust
[15:38:49]Missing language: Password
[15:38:49]Missing language: Login
[15:39:32]Missing language: Change you profile
[15:39:32]Missing language: Logout
[15:39:32]Missing language: Copyright
[15:39:32]Missing language: Change you profile
[15:39:32]Missing language: Logout
[15:39:32]Missing language: Copyright
[15:40:13]Missing language: Change you profile
[15:40:13]Missing language: Logout
[15:40:13]Missing language: Copyright
[15:40:13]Missing language: Change you profile
[15:40:13]Missing language: Logout
[15:40:13]Missing language: Copyright
[15:40:41]Missing language: Change you profile
[15:40:41]Missing language: Logout
[15:40:41]Missing language: Copyright
[15:40:41]Missing language: Change you profile
[15:40:41]Missing language: Logout
[15:40:41]Missing language: Copyright
[15:47:46]Missing language: Change you profile
[15:47:46]Missing language: Logout
[15:47:46]Missing language: Copyright
[15:47:46]Missing language: Change you profile
[15:47:46]Missing language: Logout
[15:47:46]Missing language: Copyright
[15:48:12]Missing language: Change you profile
[15:48:12]Missing language: Logout
[15:48:12]Missing language: Copyright
[15:48:12]Missing language: Change you profile
[15:48:12]Missing language: Logout
[15:48:12]Missing language: Copyright
[15:48:29]Missing language: Change you profile
[15:48:29]Missing language: Logout
[15:48:29]Missing language: Copyright
[15:48:30]Missing language: Change you profile
[15:48:30]Missing language: Logout
[15:48:30]Missing language: Copyright
[15:49:39]Missing language: Change you profile
[15:49:39]Missing language: Logout
[15:49:39]Missing language: Copyright
[15:49:39]Missing language: Change you profile
[15:49:39]Missing language: Logout
[15:49:39]Missing language: Copyright
[15:50:29]Missing language: Change you profile
[15:50:29]Missing language: Logout
[15:50:29]Missing language: Copyright
[15:50:29]Missing language: Change you profile
[15:50:29]Missing language: Logout
[15:50:29]Missing language: Copyright
[15:52:28]Missing language: Change you profile
[15:52:28]Missing language: Logout
[15:52:28]Missing language: Copyright
[15:52:28]Missing language: Change you profile
[15:52:28]Missing language: Logout
[15:52:28]Missing language: Copyright
[15:52:47]Missing language: Change you profile
[15:52:47]Missing language: Logout
[15:52:47]Missing language: Copyright
[15:52:47]Missing language: Change you profile
[15:52:47]Missing language: Logout
[15:52:47]Missing language: Copyright
[15:53:31]Missing language: Change you profile
[15:53:31]Missing language: Logout
[15:53:31]Missing language: Copyright
[15:53:32]Missing language: Change you profile
[15:53:32]Missing language: Logout
[15:53:32]Missing language: Copyright
[15:54:08]Missing language: Change you profile
[15:54:08]Missing language: Logout
[15:54:08]Missing language: Copyright
[15:54:09]Missing language: Change you profile
[15:54:09]Missing language: Logout
[15:54:09]Missing language: Copyright
[15:54:22]Missing language: Change you profile
[15:54:22]Missing language: Logout
[15:54:22]Missing language: Copyright
[15:54:22]Missing language: Change you profile
[15:54:22]Missing language: Logout
[15:54:22]Missing language: Copyright
[15:55:39]Missing language: Change you profile
[15:55:39]Missing language: Logout
[15:55:39]Missing language: Copyright
[15:55:40]Missing language: Change you profile
[15:55:40]Missing language: Logout
[15:55:40]Missing language: Copyright
[15:56:25]Missing language: Change you profile
[15:56:25]Missing language: Logout
[15:56:25]Missing language: Copyright
[15:56:26]Missing language: Change you profile
[15:56:26]Missing language: Logout
[15:56:26]Missing language: Copyright
[15:56:43]Missing language: Change you profile
[15:56:43]Missing language: Logout
[15:56:43]Missing language: Copyright
[15:56:44]Missing language: Change you profile
[15:56:44]Missing language: Logout
[15:56:44]Missing language: Copyright
[15:57:52]Missing language: Change you profile
[15:57:52]Missing language: Logout
[15:57:52]Missing language: Copyright
[15:57:53]Missing language: Change you profile
[15:57:53]Missing language: Logout
[15:57:53]Missing language: Copyright
[15:59:18]Missing language: Change you profile
[15:59:18]Missing language: Logout
[15:59:18]Missing language: Copyright
[15:59:19]Missing language: Change you profile
[15:59:19]Missing language: Logout
[15:59:19]Missing language: Copyright
[15:59:44]Missing language: Change you profile
[15:59:44]Missing language: Logout
[15:59:44]Missing language: Copyright
[15:59:45]Missing language: Change you profile
[15:59:45]Missing language: Logout
[15:59:45]Missing language: Copyright
